Using pre-set license
Built from '2021.3/staging' branch; Version is '2021.3.7f1 (24e8595d6d43) revision 2418777'; Using compiler version '192829333'; Build Type 'Release'
OS: 'Windows 10  (10.0.19045) 64bit CoreSingleLanguage' Language: 'ru' Physical Memory: 16216 MB
BatchMode: 1, IsHumanControllingUs: 0, StartBugReporterOnCrash: 0, Is64bit: 1, IsPro: 1

COMMAND LINE ARGUMENTS:
D:\Software\2021.3.7f1\Editor\Unity.exe
-adb2
-batchMode
-noUpm
-name
AssetImportWorker1
-projectPath
D:/Projects/Aviator/Combine, protect, develop
-logFile
Logs/AssetImportWorker1.log
-srvPort
64264
Successfully changed project path to: D:/Projects/Aviator/Combine, protect, develop
D:/Projects/Aviator/Combine, protect, develop
[UnityMemory] Configuration Parameters - Can be set up in boot.config
    "memorysetup-bucket-allocator-granularity=16"
    "memorysetup-bucket-allocator-bucket-count=8"
    "memorysetup-bucket-allocator-block-size=33554432"
    "memorysetup-bucket-allocator-block-count=8"
    "memorysetup-main-allocator-block-size=16777216"
    "memorysetup-thread-allocator-block-size=16777216"
    "memorysetup-gfx-main-allocator-block-size=16777216"
    "memorysetup-gfx-thread-allocator-block-size=16777216"
    "memorysetup-cache-allocator-block-size=4194304"
    "memorysetup-typetree-allocator-block-size=2097152"
    "memorysetup-profiler-bucket-allocator-granularity=16"
    "memorysetup-profiler-bucket-allocator-bucket-count=8"
    "memorysetup-profiler-bucket-allocator-block-size=33554432"
    "memorysetup-profiler-bucket-allocator-block-count=8"
    "memorysetup-profiler-allocator-block-size=16777216"
    "memorysetup-profiler-editor-allocator-block-size=1048576"
    "memorysetup-temp-allocator-size-main=16777216"
    "memorysetup-job-temp-allocator-block-size=2097152"
    "memorysetup-job-temp-allocator-block-size-background=1048576"
    "memorysetup-job-temp-allocator-reduction-small-platforms=262144"
    "memorysetup-temp-allocator-size-background-worker=32768"
    "memorysetup-temp-allocator-size-job-worker=262144"
    "memorysetup-temp-allocator-size-preload-manager=33554432"
    "memorysetup-temp-allocator-size-nav-mesh-worker=65536"
    "memorysetup-temp-allocator-size-audio-worker=65536"
    "memorysetup-temp-allocator-size-cloud-worker=32768"
    "memorysetup-temp-allocator-size-gi-baking-worker=262144"
    "memorysetup-temp-allocator-size-gfx=262144"
Refreshing native plugins compatible for Editor in 56.14 ms, found 4 plugins.
Preloading 0 native plugins for Editor in 0.00 ms.
Initialize engine version: 2021.3.7f1 (24e8595d6d43)
[Subsystems] Discovering subsystems at path D:/Software/2021.3.7f1/Editor/Data/Resources/UnitySubsystems
[Subsystems] Discovering subsystems at path D:/Projects/Aviator/Combine, protect, develop/Assets
GfxDevice: creating device client; threaded=0; jobified=0
Direct3D:
    Version:  Direct3D 11.0 [level 11.1]
    Renderer: NVIDIA GeForce MX350 (ID=0x1c94)
    Vendor:   NVIDIA
    VRAM:     1979 MB
    Driver:   30.0.15.1259
Initialize mono
Mono path[0] = 'D:/Software/2021.3.7f1/Editor/Data/Managed'
Mono path[1] = 'D:/Software/2021.3.7f1/Editor/Data/MonoBleedingEdge/lib/mono/unityjit-win32'
Mono config path = 'D:/Software/2021.3.7f1/Editor/Data/MonoBleedingEdge/etc'
Using monoOptions --debugger-agent=transport=dt_socket,embedding=1,server=y,suspend=n,address=127.0.0.1:56908
Begin MonoManager ReloadAssembly
Registering precompiled unity dll's ...
Register platform support module: D:/Software/2021.3.7f1/Editor/Data/PlaybackEngines/AndroidPlayer/UnityEditor.Android.Extensions.dll
Register platform support module: D:/Software/2021.3.7f1/Editor/Data/PlaybackEngines/WindowsStandaloneSupport/UnityEditor.WindowsStandalone.Extensions.dll
Registered in 0.005770 seconds.
Native extension for WindowsStandalone target not found
Native extension for Android target not found
Refreshing native plugins compatible for Editor in 67.19 ms, found 4 plugins.
Preloading 0 native plugins for Editor in 0.00 ms.
Mono: successfully reloaded assembly
- Completed reload, in  1.274 seconds
Domain Reload Profiling:
	ReloadAssembly (1275ms)
		BeginReloadAssembly (124ms)
			ExecutionOrderSort (0ms)
			DisableScriptedObjects (0ms)
			BackupInstance (0ms)
			ReleaseScriptingObjects (0ms)
			CreateAndSetChildDomain (1ms)
		EndReloadAssembly (941ms)
			LoadAssemblies (123ms)
			RebuildTransferFunctionScriptingTraits (0ms)
			SetupTypeCache (265ms)
			ReleaseScriptCaches (0ms)
			RebuildScriptCaches (68ms)
			SetupLoadedEditorAssemblies (506ms)
				LogAssemblyErrors (0ms)
				InitializePlatformSupportModulesInManaged (136ms)
				SetLoadedEditorAssemblies (0ms)
				RefreshPlugins (67ms)
				BeforeProcessingInitializeOnLoad (3ms)
				ProcessInitializeOnLoadAttributes (208ms)
				ProcessInitializeOnLoadMethodAttributes (91ms)
				AfterProcessingInitializeOnLoad (0ms)
				EditorAssembliesLoaded (0ms)
			ExecutionOrderSort2 (0ms)
			AwakeInstancesAfterBackupRestoration (0ms)
Platform modules already initialized, skipping
Registering precompiled user dll's ...
Registered in 0.003354 seconds.
Begin MonoManager ReloadAssembly
Native extension for WindowsStandalone target not found
Native extension for Android target not found
Refreshing native plugins compatible for Editor in 0.70 ms, found 4 plugins.
Preloading 0 native plugins for Editor in 0.00 ms.
Mono: successfully reloaded assembly
- Completed reload, in  1.765 seconds
Domain Reload Profiling:
	ReloadAssembly (1767ms)
		BeginReloadAssembly (463ms)
			ExecutionOrderSort (0ms)
			DisableScriptedObjects (15ms)
			BackupInstance (0ms)
			ReleaseScriptingObjects (0ms)
			CreateAndSetChildDomain (201ms)
		EndReloadAssembly (1105ms)
			LoadAssemblies (174ms)
			RebuildTransferFunctionScriptingTraits (0ms)
			SetupTypeCache (336ms)
			ReleaseScriptCaches (1ms)
			RebuildScriptCaches (89ms)
			SetupLoadedEditorAssemblies (498ms)
				LogAssemblyErrors (0ms)
				InitializePlatformSupportModulesInManaged (23ms)
				SetLoadedEditorAssemblies (1ms)
				RefreshPlugins (1ms)
				BeforeProcessingInitializeOnLoad (90ms)
				ProcessInitializeOnLoadAttributes (330ms)
				ProcessInitializeOnLoadMethodAttributes (48ms)
				AfterProcessingInitializeOnLoad (4ms)
				EditorAssembliesLoaded (0ms)
			ExecutionOrderSort2 (0ms)
			AwakeInstancesAfterBackupRestoration (9ms)
Platform modules already initialized, skipping
========================================================================
Worker process is ready to serve import requests
Launched and connected shader compiler UnityShaderCompiler.exe after 0.07 seconds
Refreshing native plugins compatible for Editor in 0.49 ms, found 4 plugins.
Preloading 0 native plugins for Editor in 0.00 ms.
Unloading 1850 Unused Serialized files (Serialized files now loaded: 0)
Unloading 22 unused Assets / (55.7 KB). Loaded Objects now: 2315.
Memory consumption went from 77.4 MB to 77.3 MB.
Total: 6.307100 ms (FindLiveObjects: 0.241200 ms CreateObjectMapping: 0.219700 ms MarkObjects: 5.686500 ms  DeleteObjects: 0.158100 ms)

AssetImportParameters requested are different than current active one (requested -> active):
  custom:video-decoder-ogg-theora: a1e56fd34408186e4bbccfd4996cb3dc -> 
  custom:container-muxer-webm: aa71ff27fc2769a1b78a27578f13a17b -> 
  custom:container-demuxer-webm: 4f35f7cbe854078d1ac9338744f61a02 -> 
  custom:video-encoder-webm-vp8: eb34c28f22e8b96e1ab97ce403110664 -> 
  custom:video-codec-MediaFoundation-h265: 746d11721c4dcdbdad8f713fa42b33f4 -> 
  custom:audio-encoder-webm-vorbis: bf7c407c2cedff20999df2af8eb42d56 -> 
  custom:framework-win-MediaFoundation: 216162199b28c13a410421893ffa2e32 -> 
  custom:container-demuxer-ogg: 62fdf1f143b41e24485cea50d1cbac27 -> 
  custom:video-decoder-webm-vp8: 9c59270c3fd7afecdb556c50c9e8de78 -> 
  custom:audio-decoder-ogg-vorbis: bf7c407c2cedff20999df2af8eb42d56 -> 
========================================================================
Received Prepare
Registering precompiled user dll's ...
Registered in 0.008094 seconds.
Begin MonoManager ReloadAssembly
Native extension for WindowsStandalone target not found
Native extension for Android target not found
Refreshing native plugins compatible for Editor in 0.78 ms, found 4 plugins.
Preloading 0 native plugins for Editor in 0.00 ms.
Mono: successfully reloaded assembly
- Completed reload, in  1.707 seconds
Domain Reload Profiling:
	ReloadAssembly (1708ms)
		BeginReloadAssembly (197ms)
			ExecutionOrderSort (0ms)
			DisableScriptedObjects (21ms)
			BackupInstance (0ms)
			ReleaseScriptingObjects (0ms)
			CreateAndSetChildDomain (49ms)
		EndReloadAssembly (1354ms)
			LoadAssemblies (104ms)
			RebuildTransferFunctionScriptingTraits (0ms)
			SetupTypeCache (329ms)
			ReleaseScriptCaches (1ms)
			RebuildScriptCaches (151ms)
			SetupLoadedEditorAssemblies (634ms)
				LogAssemblyErrors (0ms)
				InitializePlatformSupportModulesInManaged (43ms)
				SetLoadedEditorAssemblies (1ms)
				RefreshPlugins (1ms)
				BeforeProcessingInitializeOnLoad (83ms)
				ProcessInitializeOnLoadAttributes (435ms)
				ProcessInitializeOnLoadMethodAttributes (65ms)
				AfterProcessingInitializeOnLoad (6ms)
				EditorAssembliesLoaded (0ms)
			ExecutionOrderSort2 (0ms)
			AwakeInstancesAfterBackupRestoration (11ms)
Platform modules already initialized, skipping
Refreshing native plugins compatible for Editor in 3.10 ms, found 4 plugins.
Preloading 0 native plugins for Editor in 0.00 ms.
Unloading 1837 Unused Serialized files (Serialized files now loaded: 0)
Unloading 15 unused Assets / (24.7 KB). Loaded Objects now: 2318.
Memory consumption went from 76.4 MB to 76.4 MB.
Total: 5.428800 ms (FindLiveObjects: 0.204900 ms CreateObjectMapping: 0.105600 ms MarkObjects: 5.032000 ms  DeleteObjects: 0.084500 ms)

AssetImportParameters requested are different than current active one (requested -> active):
  custom:video-decoder-ogg-theora: a1e56fd34408186e4bbccfd4996cb3dc -> 
  custom:container-muxer-webm: aa71ff27fc2769a1b78a27578f13a17b -> 
  custom:container-demuxer-webm: 4f35f7cbe854078d1ac9338744f61a02 -> 
  custom:video-encoder-webm-vp8: eb34c28f22e8b96e1ab97ce403110664 -> 
  custom:video-codec-MediaFoundation-h265: 746d11721c4dcdbdad8f713fa42b33f4 -> 
  custom:audio-encoder-webm-vorbis: bf7c407c2cedff20999df2af8eb42d56 -> 
  custom:framework-win-MediaFoundation: 216162199b28c13a410421893ffa2e32 -> 
  custom:container-demuxer-ogg: 62fdf1f143b41e24485cea50d1cbac27 -> 
  custom:video-decoder-webm-vp8: 9c59270c3fd7afecdb556c50c9e8de78 -> 
  custom:audio-decoder-ogg-vorbis: bf7c407c2cedff20999df2af8eb42d56 -> 
========================================================================
Received Import Request.
  Time since last request: 45355.427721 seconds.
  path: Assets/Combine, protect, develop/Prefabs/Weapon10.prefab
  artifactKey: Guid(9f13261d5dbcee34fb83e6fc27381b7a) Importer(815301076,1909f56bfc062723c751e8b465ee728b)
Start importing Assets/Combine, protect, develop/Prefabs/Weapon10.prefab using Guid(9f13261d5dbcee34fb83e6fc27381b7a) Importer(815301076,1909f56bfc062723c751e8b465ee728b)  -> (artifact id: '5bcd7db55fef2858a58957c09de8fb54') in 0.077604 seconds 
========================================================================
Received Import Request.
  Time since last request: 0.000048 seconds.
  path: Assets/Combine, protect, develop/Prefabs/GroupProduct.prefab
  artifactKey: Guid(c12fd7864f39a0b4b96640d80cb81c14) Importer(815301076,1909f56bfc062723c751e8b465ee728b)
Start importing Assets/Combine, protect, develop/Prefabs/GroupProduct.prefab using Guid(c12fd7864f39a0b4b96640d80cb81c14) Importer(815301076,1909f56bfc062723c751e8b465ee728b)  -> (artifact id: 'de97e236d8feb258e8ad17875ea91d8e') in 0.027878 seconds 
========================================================================
Received Import Request.
  Time since last request: 0.000028 seconds.
  path: Assets/Combine, protect, develop/Prefabs/Weapon 4.prefab
  artifactKey: Guid(03da2356d9d4d0243b4094c721fffced) Importer(815301076,1909f56bfc062723c751e8b465ee728b)
Start importing Assets/Combine, protect, develop/Prefabs/Weapon 4.prefab using Guid(03da2356d9d4d0243b4094c721fffced) Importer(815301076,1909f56bfc062723c751e8b465ee728b)  -> (artifact id: '467baf283144cbdf5a584344dbf7c0e8') in 0.013817 seconds 
========================================================================
Received Import Request.
  Time since last request: 0.000025 seconds.
  path: Assets/Combine, protect, develop/Prefabs/Weapon9.prefab
  artifactKey: Guid(51de231404b50ed4fb2918b986744b05) Importer(815301076,1909f56bfc062723c751e8b465ee728b)
Start importing Assets/Combine, protect, develop/Prefabs/Weapon9.prefab using Guid(51de231404b50ed4fb2918b986744b05) Importer(815301076,1909f56bfc062723c751e8b465ee728b)  -> (artifact id: '01f9da222ce88ca6091129c73c74b117') in 0.014349 seconds 
========================================================================
Received Import Request.
  Time since last request: 0.000030 seconds.
  path: Assets/Combine, protect, develop/Prefabs/Weapon 7.prefab
  artifactKey: Guid(cf522fc33bfbfdf4fb6995b125071336) Importer(815301076,1909f56bfc062723c751e8b465ee728b)
Start importing Assets/Combine, protect, develop/Prefabs/Weapon 7.prefab using Guid(cf522fc33bfbfdf4fb6995b125071336) Importer(815301076,1909f56bfc062723c751e8b465ee728b)  -> (artifact id: '4d88b20a63c15ee43aa1a62a94c7e35a') in 0.012701 seconds 
========================================================================
Received Import Request.
  Time since last request: 15.881933 seconds.
  path: Assets/Combine, protect, develop/Materials/GreenZone.mat
  artifactKey: Guid(e5499ede26377d748a7fd8e15c4d7760) Importer(815301076,1909f56bfc062723c751e8b465ee728b)
Start importing Assets/Combine, protect, develop/Materials/GreenZone.mat using Guid(e5499ede26377d748a7fd8e15c4d7760) Importer(815301076,1909f56bfc062723c751e8b465ee728b)  -> (artifact id: 'be25db8ededa059e126463854c52af04') in 0.264068 seconds 
========================================================================
Received Import Request.
  Time since last request: 0.000029 seconds.
  path: Assets/Combine, protect, develop/Materials/RedZone.mat
  artifactKey: Guid(4ca27370cdd870540b947bc7960c0d10) Importer(815301076,1909f56bfc062723c751e8b465ee728b)
Start importing Assets/Combine, protect, develop/Materials/RedZone.mat using Guid(4ca27370cdd870540b947bc7960c0d10) Importer(815301076,1909f56bfc062723c751e8b465ee728b)  -> (artifact id: 'a893ac2f5fc2c893fd22b03cb5ef88fa') in 0.023018 seconds 
========================================================================
Received Import Request.
  Time since last request: 54.647854 seconds.
  path: Assets/10WeaponsPack/Models/Blaster2.fbx
  artifactKey: Guid(ae28c140271a1264a92aaf85e1e67c96) Importer(815301076,1909f56bfc062723c751e8b465ee728b)
Start importing Assets/10WeaponsPack/Models/Blaster2.fbx using Guid(ae28c140271a1264a92aaf85e1e67c96) Importer(815301076,1909f56bfc062723c751e8b465ee728b)  -> (artifact id: 'd3d6d78970b7a0357cb3e43333de6be5') in 0.308537 seconds 
========================================================================
Received Import Request.
  Time since last request: 0.000043 seconds.
  path: Assets/10WeaponsPack/Models/Blaster8.fbx
  artifactKey: Guid(7c0a61129beb9f1429eabd49903adb4e) Importer(815301076,1909f56bfc062723c751e8b465ee728b)
Start importing Assets/10WeaponsPack/Models/Blaster8.fbx using Guid(7c0a61129beb9f1429eabd49903adb4e) Importer(815301076,1909f56bfc062723c751e8b465ee728b)  -> (artifact id: 'ec9dc9480a6dafd01246a067a79a7db7') in 0.187577 seconds 
========================================================================
Received Import Request.
  Time since last request: 0.000115 seconds.
  path: Assets/10WeaponsPack/Models/Blaster9.fbx
  artifactKey: Guid(903d2e1f4e8d5db49b5f73c23be9328c) Importer(815301076,1909f56bfc062723c751e8b465ee728b)
Start importing Assets/10WeaponsPack/Models/Blaster9.fbx using Guid(903d2e1f4e8d5db49b5f73c23be9328c) Importer(815301076,1909f56bfc062723c751e8b465ee728b)  -> (artifact id: 'b189b07b0cece3007a7692c5e3b20072') in 0.151337 seconds 
========================================================================
Received Import Request.
  Time since last request: 0.000049 seconds.
  path: Assets/10WeaponsPack/Models/Blaster4.fbx
  artifactKey: Guid(d17da7ec4f4f3b741a6321ca6741ce39) Importer(815301076,1909f56bfc062723c751e8b465ee728b)
Start importing Assets/10WeaponsPack/Models/Blaster4.fbx using Guid(d17da7ec4f4f3b741a6321ca6741ce39) Importer(815301076,1909f56bfc062723c751e8b465ee728b)  -> (artifact id: '6f22d1b59666e8229a5a907a189e83f5') in 0.367587 seconds 
========================================================================
Received Import Request.
  Time since last request: 5.321969 seconds.
  path: Assets/Combine, protect, develop/Prefabs/Weapon 2.prefab
  artifactKey: Guid(c2107d6b89a397a47a200faf13fc5d23) Importer(815301076,1909f56bfc062723c751e8b465ee728b)
Start importing Assets/Combine, protect, develop/Prefabs/Weapon 2.prefab using Guid(c2107d6b89a397a47a200faf13fc5d23) Importer(815301076,1909f56bfc062723c751e8b465ee728b)  -> (artifact id: '068cc120020798e6b3a669eeca382d89') in 0.032958 seconds 
========================================================================
Received Import Request.
  Time since last request: 0.000034 seconds.
  path: Assets/Combine, protect, develop/Prefabs/Weapon10.prefab
  artifactKey: Guid(9f13261d5dbcee34fb83e6fc27381b7a) Importer(815301076,1909f56bfc062723c751e8b465ee728b)
Start importing Assets/Combine, protect, develop/Prefabs/Weapon10.prefab using Guid(9f13261d5dbcee34fb83e6fc27381b7a) Importer(815301076,1909f56bfc062723c751e8b465ee728b)  -> (artifact id: 'dcbb51693f2b4566027647d928cbf2d7') in 0.020686 seconds 
========================================================================
Received Import Request.
  Time since last request: 0.000027 seconds.
  path: Assets/Combine, protect, develop/Prefabs/Weapon 4.prefab
  artifactKey: Guid(03da2356d9d4d0243b4094c721fffced) Importer(815301076,1909f56bfc062723c751e8b465ee728b)
Start importing Assets/Combine, protect, develop/Prefabs/Weapon 4.prefab using Guid(03da2356d9d4d0243b4094c721fffced) Importer(815301076,1909f56bfc062723c751e8b465ee728b)  -> (artifact id: '26f35d4eb76e3adf3e901995c2c4500d') in 0.034951 seconds 
========================================================================
Received Import Request.
  Time since last request: 0.000035 seconds.
  path: Assets/Combine, protect, develop/Prefabs/Weapon9.prefab
  artifactKey: Guid(51de231404b50ed4fb2918b986744b05) Importer(815301076,1909f56bfc062723c751e8b465ee728b)
Start importing Assets/Combine, protect, develop/Prefabs/Weapon9.prefab using Guid(51de231404b50ed4fb2918b986744b05) Importer(815301076,1909f56bfc062723c751e8b465ee728b)  -> (artifact id: 'f071ce72be98c20c5c2c4bc6996ce6f3') in 0.019721 seconds 
========================================================================
Received Import Request.
  Time since last request: 0.000042 seconds.
  path: Assets/Combine, protect, develop/Prefabs/Weapon 7.prefab
  artifactKey: Guid(cf522fc33bfbfdf4fb6995b125071336) Importer(815301076,1909f56bfc062723c751e8b465ee728b)
Start importing Assets/Combine, protect, develop/Prefabs/Weapon 7.prefab using Guid(cf522fc33bfbfdf4fb6995b125071336) Importer(815301076,1909f56bfc062723c751e8b465ee728b)  -> (artifact id: '43c85a22ebebaf528f29a51f666c9109') in 0.019340 seconds 
========================================================================
Received Prepare
Registering precompiled user dll's ...
Registered in 0.003610 seconds.
Begin MonoManager ReloadAssembly
Native extension for WindowsStandalone target not found
Native extension for Android target not found
Refreshing native plugins compatible for Editor in 0.87 ms, found 4 plugins.
Preloading 0 native plugins for Editor in 0.00 ms.
Mono: successfully reloaded assembly
- Completed reload, in  1.626 seconds
Domain Reload Profiling:
	ReloadAssembly (1627ms)
		BeginReloadAssembly (162ms)
			ExecutionOrderSort (0ms)
			DisableScriptedObjects (8ms)
			BackupInstance (0ms)
			ReleaseScriptingObjects (0ms)
			CreateAndSetChildDomain (45ms)
		EndReloadAssembly (1311ms)
			LoadAssemblies (95ms)
			RebuildTransferFunctionScriptingTraits (0ms)
			SetupTypeCache (395ms)
			ReleaseScriptCaches (3ms)
			RebuildScriptCaches (103ms)
			SetupLoadedEditorAssemblies (597ms)
				LogAssemblyErrors (0ms)
				InitializePlatformSupportModulesInManaged (76ms)
				SetLoadedEditorAssemblies (1ms)
				RefreshPlugins (1ms)
				BeforeProcessingInitializeOnLoad (89ms)
				ProcessInitializeOnLoadAttributes (373ms)
				ProcessInitializeOnLoadMethodAttributes (52ms)
				AfterProcessingInitializeOnLoad (5ms)
				EditorAssembliesLoaded (0ms)
			ExecutionOrderSort2 (0ms)
			AwakeInstancesAfterBackupRestoration (11ms)
Platform modules already initialized, skipping
Refreshing native plugins compatible for Editor in 2.89 ms, found 4 plugins.
Preloading 0 native plugins for Editor in 0.00 ms.
Unloading 1837 Unused Serialized files (Serialized files now loaded: 0)
Unloading 16 unused Assets / (25.4 KB). Loaded Objects now: 2365.
Memory consumption went from 81.0 MB to 81.0 MB.
Total: 3.914600 ms (FindLiveObjects: 0.179000 ms CreateObjectMapping: 0.086900 ms MarkObjects: 3.620500 ms  DeleteObjects: 0.027200 ms)

AssetImportParameters requested are different than current active one (requested -> active):
  custom:video-decoder-ogg-theora: a1e56fd34408186e4bbccfd4996cb3dc -> 
  custom:container-muxer-webm: aa71ff27fc2769a1b78a27578f13a17b -> 
  custom:container-demuxer-webm: 4f35f7cbe854078d1ac9338744f61a02 -> 
  custom:video-encoder-webm-vp8: eb34c28f22e8b96e1ab97ce403110664 -> 
  custom:video-codec-MediaFoundation-h265: 746d11721c4dcdbdad8f713fa42b33f4 -> 
  custom:audio-encoder-webm-vorbis: bf7c407c2cedff20999df2af8eb42d56 -> 
  custom:framework-win-MediaFoundation: 216162199b28c13a410421893ffa2e32 -> 
  custom:container-demuxer-ogg: 62fdf1f143b41e24485cea50d1cbac27 -> 
  custom:video-decoder-webm-vp8: 9c59270c3fd7afecdb556c50c9e8de78 -> 
  custom:audio-decoder-ogg-vorbis: bf7c407c2cedff20999df2af8eb42d56 -> 
========================================================================
Received Import Request.
  Time since last request: 84.774918 seconds.
  path: Assets/Combine, protect, develop/Scripts/Models/Data/Weapon1.asset
  artifactKey: Guid(3a54133f6f5235648857a01321de5e0a) Importer(815301076,1909f56bfc062723c751e8b465ee728b)
Start importing Assets/Combine, protect, develop/Scripts/Models/Data/Weapon1.asset using Guid(3a54133f6f5235648857a01321de5e0a) Importer(815301076,1909f56bfc062723c751e8b465ee728b)  -> (artifact id: '781db6b346df8c5de464d204bef804f5') in 0.047158 seconds 
========================================================================
Received Import Request.
  Time since last request: 29.165587 seconds.
  path: Assets/Combine, protect, develop/Prefabs/Weapon 2.prefab
  artifactKey: Guid(c2107d6b89a397a47a200faf13fc5d23) Importer(815301076,1909f56bfc062723c751e8b465ee728b)
Start importing Assets/Combine, protect, develop/Prefabs/Weapon 2.prefab using Guid(c2107d6b89a397a47a200faf13fc5d23) Importer(815301076,1909f56bfc062723c751e8b465ee728b)  -> (artifact id: 'dc64f00b4ede669be5118774e4a25f3f') in 0.111940 seconds 
========================================================================
Received Import Request.
  Time since last request: 0.000043 seconds.
  path: Assets/Combine, protect, develop/Prefabs/Weapon 5.prefab
  artifactKey: Guid(cb1ad59f88c79c44d92f53a95f4f3e1c) Importer(815301076,1909f56bfc062723c751e8b465ee728b)
Start importing Assets/Combine, protect, develop/Prefabs/Weapon 5.prefab using Guid(cb1ad59f88c79c44d92f53a95f4f3e1c) Importer(815301076,1909f56bfc062723c751e8b465ee728b)  -> (artifact id: 'd42f2d9fb1baaa20e3b12beaf0ac575e') in 0.016041 seconds 
========================================================================
Received Import Request.
  Time since last request: 0.000040 seconds.
  path: Assets/Combine, protect, develop/Prefabs/Weapon6.prefab
  artifactKey: Guid(05fad388f99760149a03a8a3f889dfaa) Importer(815301076,1909f56bfc062723c751e8b465ee728b)
Start importing Assets/Combine, protect, develop/Prefabs/Weapon6.prefab using Guid(05fad388f99760149a03a8a3f889dfaa) Importer(815301076,1909f56bfc062723c751e8b465ee728b)  -> (artifact id: 'e8832fb6921ab9d27fa04f0b765e0a90') in 0.011527 seconds 
========================================================================
Received Import Request.
  Time since last request: 0.000029 seconds.
  path: Assets/Combine, protect, develop/Prefabs/Weapon9.prefab
  artifactKey: Guid(51de231404b50ed4fb2918b986744b05) Importer(815301076,1909f56bfc062723c751e8b465ee728b)
Start importing Assets/Combine, protect, develop/Prefabs/Weapon9.prefab using Guid(51de231404b50ed4fb2918b986744b05) Importer(815301076,1909f56bfc062723c751e8b465ee728b)  -> (artifact id: '9acfdf6ecad83054ea60e900da19be65') in 0.011872 seconds 
========================================================================
Received Import Request.
  Time since last request: 0.000032 seconds.
  path: Assets/Combine, protect, develop/Prefabs/Weapon 3.prefab
  artifactKey: Guid(07d4d69d281dd73418d260f4c80ed863) Importer(815301076,1909f56bfc062723c751e8b465ee728b)
Start importing Assets/Combine, protect, develop/Prefabs/Weapon 3.prefab using Guid(07d4d69d281dd73418d260f4c80ed863) Importer(815301076,1909f56bfc062723c751e8b465ee728b)  -> (artifact id: 'ebf4279f4dbdedb38d28d934da461550') in 0.013651 seconds 
========================================================================
Received Import Request.
  Time since last request: 0.000029 seconds.
  path: Assets/Combine, protect, develop/Prefabs/Weapon 7.prefab
  artifactKey: Guid(cf522fc33bfbfdf4fb6995b125071336) Importer(815301076,1909f56bfc062723c751e8b465ee728b)
Start importing Assets/Combine, protect, develop/Prefabs/Weapon 7.prefab using Guid(cf522fc33bfbfdf4fb6995b125071336) Importer(815301076,1909f56bfc062723c751e8b465ee728b)  -> (artifact id: '30bee7fdd9f33ba0c15beed2b889c6ce') in 0.013076 seconds 
========================================================================
Received Prepare
Registering precompiled user dll's ...
Registered in 0.003129 seconds.
Begin MonoManager ReloadAssembly
Native extension for WindowsStandalone target not found
Native extension for Android target not found
Refreshing native plugins compatible for Editor in 0.66 ms, found 4 plugins.
Preloading 0 native plugins for Editor in 0.00 ms.
Mono: successfully reloaded assembly
- Completed reload, in  1.435 seconds
Domain Reload Profiling:
	ReloadAssembly (1436ms)
		BeginReloadAssembly (165ms)
			ExecutionOrderSort (0ms)
			DisableScriptedObjects (8ms)
			BackupInstance (0ms)
			ReleaseScriptingObjects (0ms)
			CreateAndSetChildDomain (45ms)
		EndReloadAssembly (1118ms)
			LoadAssemblies (104ms)
			RebuildTransferFunctionScriptingTraits (0ms)
			SetupTypeCache (310ms)
			ReleaseScriptCaches (1ms)
			RebuildScriptCaches (76ms)
			SetupLoadedEditorAssemblies (555ms)
				LogAssemblyErrors (0ms)
				InitializePlatformSupportModulesInManaged (36ms)
				SetLoadedEditorAssemblies (1ms)
				RefreshPlugins (1ms)
				BeforeProcessingInitializeOnLoad (81ms)
				ProcessInitializeOnLoadAttributes (379ms)
				ProcessInitializeOnLoadMethodAttributes (51ms)
				AfterProcessingInitializeOnLoad (5ms)
				EditorAssembliesLoaded (0ms)
			ExecutionOrderSort2 (0ms)
			AwakeInstancesAfterBackupRestoration (10ms)
Platform modules already initialized, skipping
Refreshing native plugins compatible for Editor in 1.98 ms, found 4 plugins.
Preloading 0 native plugins for Editor in 0.00 ms.
Unloading 1837 Unused Serialized files (Serialized files now loaded: 0)
Unloading 15 unused Assets / (24.6 KB). Loaded Objects now: 2368.
Memory consumption went from 81.0 MB to 81.0 MB.
Total: 4.952100 ms (FindLiveObjects: 0.191400 ms CreateObjectMapping: 0.097900 ms MarkObjects: 4.624000 ms  DeleteObjects: 0.037500 ms)

AssetImportParameters requested are different than current active one (requested -> active):
  custom:video-decoder-ogg-theora: a1e56fd34408186e4bbccfd4996cb3dc -> 
  custom:container-muxer-webm: aa71ff27fc2769a1b78a27578f13a17b -> 
  custom:container-demuxer-webm: 4f35f7cbe854078d1ac9338744f61a02 -> 
  custom:video-encoder-webm-vp8: eb34c28f22e8b96e1ab97ce403110664 -> 
  custom:video-codec-MediaFoundation-h265: 746d11721c4dcdbdad8f713fa42b33f4 -> 
  custom:audio-encoder-webm-vorbis: bf7c407c2cedff20999df2af8eb42d56 -> 
  custom:framework-win-MediaFoundation: 216162199b28c13a410421893ffa2e32 -> 
  custom:container-demuxer-ogg: 62fdf1f143b41e24485cea50d1cbac27 -> 
  custom:video-decoder-webm-vp8: 9c59270c3fd7afecdb556c50c9e8de78 -> 
  custom:audio-decoder-ogg-vorbis: bf7c407c2cedff20999df2af8eb42d56 -> 
========================================================================
Received Import Request.
  Time since last request: 50.999726 seconds.
  path: Assets/Combine, protect, develop/Prefabs/Weapon 2.prefab
  artifactKey: Guid(c2107d6b89a397a47a200faf13fc5d23) Importer(815301076,1909f56bfc062723c751e8b465ee728b)
Start importing Assets/Combine, protect, develop/Prefabs/Weapon 2.prefab using Guid(c2107d6b89a397a47a200faf13fc5d23) Importer(815301076,1909f56bfc062723c751e8b465ee728b)  -> (artifact id: '1535dd94b058c7b4e589ca4b0c9e431e') in 0.153756 seconds 
========================================================================
Received Import Request.
  Time since last request: 0.000035 seconds.
  path: Assets/Combine, protect, develop/Prefabs/Weapon8.prefab
  artifactKey: Guid(64fe1025baf628c4cae82f971680f07d) Importer(815301076,1909f56bfc062723c751e8b465ee728b)
Start importing Assets/Combine, protect, develop/Prefabs/Weapon8.prefab using Guid(64fe1025baf628c4cae82f971680f07d) Importer(815301076,1909f56bfc062723c751e8b465ee728b)  -> (artifact id: '20367f1174f520703f1cd708fe438715') in 0.028883 seconds 
========================================================================
Received Import Request.
  Time since last request: 0.000038 seconds.
  path: Assets/Combine, protect, develop/Prefabs/Weapon 4.prefab
  artifactKey: Guid(03da2356d9d4d0243b4094c721fffced) Importer(815301076,1909f56bfc062723c751e8b465ee728b)
Start importing Assets/Combine, protect, develop/Prefabs/Weapon 4.prefab using Guid(03da2356d9d4d0243b4094c721fffced) Importer(815301076,1909f56bfc062723c751e8b465ee728b)  -> (artifact id: 'ac2607058b10ec87747a11c1e95b5568') in 0.039226 seconds 
========================================================================
Received Import Request.
  Time since last request: 0.000021 seconds.
  path: Assets/Combine, protect, develop/Prefabs/Weapon9.prefab
  artifactKey: Guid(51de231404b50ed4fb2918b986744b05) Importer(815301076,1909f56bfc062723c751e8b465ee728b)
Start importing Assets/Combine, protect, develop/Prefabs/Weapon9.prefab using Guid(51de231404b50ed4fb2918b986744b05) Importer(815301076,1909f56bfc062723c751e8b465ee728b)  -> (artifact id: '999c48a32c986655426ea512b8098caf') in 0.020337 seconds 
========================================================================
Received Import Request.
  Time since last request: 0.000028 seconds.
  path: Assets/Combine, protect, develop/Prefabs/Weapon 7.prefab
  artifactKey: Guid(cf522fc33bfbfdf4fb6995b125071336) Importer(815301076,1909f56bfc062723c751e8b465ee728b)
Start importing Assets/Combine, protect, develop/Prefabs/Weapon 7.prefab using Guid(cf522fc33bfbfdf4fb6995b125071336) Importer(815301076,1909f56bfc062723c751e8b465ee728b)  -> (artifact id: 'afc2f8c54934e732020abf85d296d2a2') in 0.022586 seconds 
========================================================================
Received Import Request.
  Time since last request: 1.201198 seconds.
  path: Assets/Combine, protect, develop/Prefabs/Weapon 2.prefab
  artifactKey: Guid(c2107d6b89a397a47a200faf13fc5d23) Importer(815301076,1909f56bfc062723c751e8b465ee728b)
Start importing Assets/Combine, protect, develop/Prefabs/Weapon 2.prefab using Guid(c2107d6b89a397a47a200faf13fc5d23) Importer(815301076,1909f56bfc062723c751e8b465ee728b)  -> (artifact id: '58ed01769bf0382068cfcc6422ba8276') in 0.021484 seconds 
========================================================================
Received Import Request.
  Time since last request: 0.000028 seconds.
  path: Assets/Combine, protect, develop/Prefabs/Weapon10.prefab
  artifactKey: Guid(9f13261d5dbcee34fb83e6fc27381b7a) Importer(815301076,1909f56bfc062723c751e8b465ee728b)
Start importing Assets/Combine, protect, develop/Prefabs/Weapon10.prefab using Guid(9f13261d5dbcee34fb83e6fc27381b7a) Importer(815301076,1909f56bfc062723c751e8b465ee728b)  -> (artifact id: 'f100d7ed814dedd3b9123a1715aa1da5') in 0.021225 seconds 
========================================================================
Received Import Request.
  Time since last request: 0.000027 seconds.
  path: Assets/Combine, protect, develop/Prefabs/Weapon 5.prefab
  artifactKey: Guid(cb1ad59f88c79c44d92f53a95f4f3e1c) Importer(815301076,1909f56bfc062723c751e8b465ee728b)
Start importing Assets/Combine, protect, develop/Prefabs/Weapon 5.prefab using Guid(cb1ad59f88c79c44d92f53a95f4f3e1c) Importer(815301076,1909f56bfc062723c751e8b465ee728b)  -> (artifact id: 'ee194e02bb96a40077221b06479af5af') in 0.022109 seconds 
========================================================================
Received Import Request.
  Time since last request: 0.000028 seconds.
  path: Assets/Combine, protect, develop/Prefabs/Weapon6.prefab
  artifactKey: Guid(05fad388f99760149a03a8a3f889dfaa) Importer(815301076,1909f56bfc062723c751e8b465ee728b)
Start importing Assets/Combine, protect, develop/Prefabs/Weapon6.prefab using Guid(05fad388f99760149a03a8a3f889dfaa) Importer(815301076,1909f56bfc062723c751e8b465ee728b)  -> (artifact id: '8ce3008e966947e5c4ba362b967fe770') in 0.026891 seconds 
========================================================================
Received Import Request.
  Time since last request: 0.000034 seconds.
  path: Assets/Combine, protect, develop/Prefabs/Weapon 3.prefab
  artifactKey: Guid(07d4d69d281dd73418d260f4c80ed863) Importer(815301076,1909f56bfc062723c751e8b465ee728b)
Start importing Assets/Combine, protect, develop/Prefabs/Weapon 3.prefab using Guid(07d4d69d281dd73418d260f4c80ed863) Importer(815301076,1909f56bfc062723c751e8b465ee728b)  -> (artifact id: '6d4b45190a58b821084e9456a24715b6') in 0.029836 seconds 
========================================================================
Received Import Request.
  Time since last request: 0.730550 seconds.
  path: Assets/Combine, protect, develop/Prefabs/Weapon 2.prefab
  artifactKey: Guid(c2107d6b89a397a47a200faf13fc5d23) Importer(815301076,1909f56bfc062723c751e8b465ee728b)
Start importing Assets/Combine, protect, develop/Prefabs/Weapon 2.prefab using Guid(c2107d6b89a397a47a200faf13fc5d23) Importer(815301076,1909f56bfc062723c751e8b465ee728b)  -> (artifact id: 'e58a269f62d384b2e5cc8c5ff56e1670') in 0.018420 seconds 
========================================================================
Received Import Request.
  Time since last request: 0.000029 seconds.
  path: Assets/Combine, protect, develop/Prefabs/Weapon10.prefab
  artifactKey: Guid(9f13261d5dbcee34fb83e6fc27381b7a) Importer(815301076,1909f56bfc062723c751e8b465ee728b)
Start importing Assets/Combine, protect, develop/Prefabs/Weapon10.prefab using Guid(9f13261d5dbcee34fb83e6fc27381b7a) Importer(815301076,1909f56bfc062723c751e8b465ee728b)  -> (artifact id: '835b3686df30dd348f8844c4c2e960a5') in 0.021596 seconds 
========================================================================
Received Import Request.
  Time since last request: 0.000034 seconds.
  path: Assets/Combine, protect, develop/Prefabs/Weapon 4.prefab
  artifactKey: Guid(03da2356d9d4d0243b4094c721fffced) Importer(815301076,1909f56bfc062723c751e8b465ee728b)
Start importing Assets/Combine, protect, develop/Prefabs/Weapon 4.prefab using Guid(03da2356d9d4d0243b4094c721fffced) Importer(815301076,1909f56bfc062723c751e8b465ee728b)  -> (artifact id: '9e77f9cbf5f8c3d43d68fe96fa9a5b79') in 0.027096 seconds 
========================================================================
Received Import Request.
  Time since last request: 0.000047 seconds.
  path: Assets/Combine, protect, develop/Prefabs/Weapon9.prefab
  artifactKey: Guid(51de231404b50ed4fb2918b986744b05) Importer(815301076,1909f56bfc062723c751e8b465ee728b)
Start importing Assets/Combine, protect, develop/Prefabs/Weapon9.prefab using Guid(51de231404b50ed4fb2918b986744b05) Importer(815301076,1909f56bfc062723c751e8b465ee728b)  -> (artifact id: '2b7dc76651577d0854d468f6d9743625') in 0.020462 seconds 
========================================================================
Received Import Request.
  Time since last request: 0.000036 seconds.
  path: Assets/Combine, protect, develop/Prefabs/Weapon 7.prefab
  artifactKey: Guid(cf522fc33bfbfdf4fb6995b125071336) Importer(815301076,1909f56bfc062723c751e8b465ee728b)
Start importing Assets/Combine, protect, develop/Prefabs/Weapon 7.prefab using Guid(cf522fc33bfbfdf4fb6995b125071336) Importer(815301076,1909f56bfc062723c751e8b465ee728b)  -> (artifact id: 'c74724d3d2ac84cb330551cfefbdc595') in 0.014516 seconds 
========================================================================
Received Prepare
Registering precompiled user dll's ...
Registered in 0.003981 seconds.
Begin MonoManager ReloadAssembly
Native extension for WindowsStandalone target not found
Native extension for Android target not found
Refreshing native plugins compatible for Editor in 1.00 ms, found 4 plugins.
Preloading 0 native plugins for Editor in 0.00 ms.
Mono: successfully reloaded assembly
- Completed reload, in  1.626 seconds
Domain Reload Profiling:
	ReloadAssembly (1627ms)
		BeginReloadAssembly (163ms)
			ExecutionOrderSort (0ms)
			DisableScriptedObjects (7ms)
			BackupInstance (0ms)
			ReleaseScriptingObjects (0ms)
			CreateAndSetChildDomain (45ms)
		EndReloadAssembly (1307ms)
			LoadAssemblies (101ms)
			RebuildTransferFunctionScriptingTraits (0ms)
			SetupTypeCache (332ms)
			ReleaseScriptCaches (1ms)
			RebuildScriptCaches (68ms)
			SetupLoadedEditorAssemblies (681ms)
				LogAssemblyErrors (0ms)
				InitializePlatformSupportModulesInManaged (78ms)
				SetLoadedEditorAssemblies (2ms)
				RefreshPlugins (1ms)
				BeforeProcessingInitializeOnLoad (138ms)
				ProcessInitializeOnLoadAttributes (404ms)
				ProcessInitializeOnLoadMethodAttributes (54ms)
				AfterProcessingInitializeOnLoad (4ms)
				EditorAssembliesLoaded (0ms)
			ExecutionOrderSort2 (0ms)
			AwakeInstancesAfterBackupRestoration (11ms)
Platform modules already initialized, skipping
Refreshing native plugins compatible for Editor in 2.68 ms, found 4 plugins.
Preloading 0 native plugins for Editor in 0.00 ms.
Unloading 1837 Unused Serialized files (Serialized files now loaded: 0)
Unloading 15 unused Assets / (24.6 KB). Loaded Objects now: 2371.
Memory consumption went from 81.1 MB to 81.1 MB.
Total: 4.030300 ms (FindLiveObjects: 0.199100 ms CreateObjectMapping: 0.133300 ms MarkObjects: 3.666800 ms  DeleteObjects: 0.029800 ms)

AssetImportParameters requested are different than current active one (requested -> active):
  custom:video-decoder-ogg-theora: a1e56fd34408186e4bbccfd4996cb3dc -> 
  custom:container-muxer-webm: aa71ff27fc2769a1b78a27578f13a17b -> 
  custom:container-demuxer-webm: 4f35f7cbe854078d1ac9338744f61a02 -> 
  custom:video-encoder-webm-vp8: eb34c28f22e8b96e1ab97ce403110664 -> 
  custom:video-codec-MediaFoundation-h265: 746d11721c4dcdbdad8f713fa42b33f4 -> 
  custom:audio-encoder-webm-vorbis: bf7c407c2cedff20999df2af8eb42d56 -> 
  custom:framework-win-MediaFoundation: 216162199b28c13a410421893ffa2e32 -> 
  custom:container-demuxer-ogg: 62fdf1f143b41e24485cea50d1cbac27 -> 
  custom:video-decoder-webm-vp8: 9c59270c3fd7afecdb556c50c9e8de78 -> 
  custom:audio-decoder-ogg-vorbis: bf7c407c2cedff20999df2af8eb42d56 -> 
========================================================================
Received Prepare
Registering precompiled user dll's ...
Registered in 0.002832 seconds.
Begin MonoManager ReloadAssembly
Native extension for WindowsStandalone target not found
Native extension for Android target not found
Refreshing native plugins compatible for Editor in 0.46 ms, found 4 plugins.
Preloading 0 native plugins for Editor in 0.00 ms.
Mono: successfully reloaded assembly
- Completed reload, in  1.645 seconds
Domain Reload Profiling:
	ReloadAssembly (1646ms)
		BeginReloadAssembly (176ms)
			ExecutionOrderSort (0ms)
			DisableScriptedObjects (14ms)
			BackupInstance (0ms)
			ReleaseScriptingObjects (0ms)
			CreateAndSetChildDomain (39ms)
		EndReloadAssembly (1308ms)
			LoadAssemblies (108ms)
			RebuildTransferFunctionScriptingTraits (0ms)
			SetupTypeCache (376ms)
			ReleaseScriptCaches (1ms)
			RebuildScriptCaches (78ms)
			SetupLoadedEditorAssemblies (565ms)
				LogAssemblyErrors (0ms)
				InitializePlatformSupportModulesInManaged (46ms)
				SetLoadedEditorAssemblies (1ms)
				RefreshPlugins (1ms)
				BeforeProcessingInitializeOnLoad (82ms)
				ProcessInitializeOnLoadAttributes (376ms)
				ProcessInitializeOnLoadMethodAttributes (54ms)
				AfterProcessingInitializeOnLoad (5ms)
				EditorAssembliesLoaded (0ms)
			ExecutionOrderSort2 (0ms)
			AwakeInstancesAfterBackupRestoration (12ms)
Platform modules already initialized, skipping
Refreshing native plugins compatible for Editor in 2.36 ms, found 4 plugins.
Preloading 0 native plugins for Editor in 0.00 ms.
Unloading 1837 Unused Serialized files (Serialized files now loaded: 0)
Unloading 15 unused Assets / (24.6 KB). Loaded Objects now: 2374.
Memory consumption went from 81.1 MB to 81.1 MB.
Total: 3.502400 ms (FindLiveObjects: 0.170600 ms CreateObjectMapping: 0.096600 ms MarkObjects: 3.210100 ms  DeleteObjects: 0.023900 ms)

AssetImportParameters requested are different than current active one (requested -> active):
  custom:video-decoder-ogg-theora: a1e56fd34408186e4bbccfd4996cb3dc -> 
  custom:container-muxer-webm: aa71ff27fc2769a1b78a27578f13a17b -> 
  custom:container-demuxer-webm: 4f35f7cbe854078d1ac9338744f61a02 -> 
  custom:video-encoder-webm-vp8: eb34c28f22e8b96e1ab97ce403110664 -> 
  custom:video-codec-MediaFoundation-h265: 746d11721c4dcdbdad8f713fa42b33f4 -> 
  custom:audio-encoder-webm-vorbis: bf7c407c2cedff20999df2af8eb42d56 -> 
  custom:framework-win-MediaFoundation: 216162199b28c13a410421893ffa2e32 -> 
  custom:container-demuxer-ogg: 62fdf1f143b41e24485cea50d1cbac27 -> 
  custom:video-decoder-webm-vp8: 9c59270c3fd7afecdb556c50c9e8de78 -> 
  custom:audio-decoder-ogg-vorbis: bf7c407c2cedff20999df2af8eb42d56 -> 
========================================================================
Received Prepare
Registering precompiled user dll's ...
Registered in 0.003253 seconds.
Begin MonoManager ReloadAssembly
Native extension for WindowsStandalone target not found
Native extension for Android target not found
Refreshing native plugins compatible for Editor in 0.57 ms, found 4 plugins.
Preloading 0 native plugins for Editor in 0.00 ms.
Mono: successfully reloaded assembly
- Completed reload, in  1.527 seconds
Domain Reload Profiling:
	ReloadAssembly (1528ms)
		BeginReloadAssembly (168ms)
			ExecutionOrderSort (0ms)
			DisableScriptedObjects (10ms)
			BackupInstance (0ms)
			ReleaseScriptingObjects (0ms)
			CreateAndSetChildDomain (46ms)
		EndReloadAssembly (1213ms)
			LoadAssemblies (99ms)
			RebuildTransferFunctionScriptingTraits (0ms)
			SetupTypeCache (314ms)
			ReleaseScriptCaches (2ms)
			RebuildScriptCaches (68ms)
			SetupLoadedEditorAssemblies (573ms)
				LogAssemblyErrors (0ms)
				InitializePlatformSupportModulesInManaged (44ms)
				SetLoadedEditorAssemblies (1ms)
				RefreshPlugins (1ms)
				BeforeProcessingInitializeOnLoad (79ms)
				ProcessInitializeOnLoadAttributes (388ms)
				ProcessInitializeOnLoadMethodAttributes (54ms)
				AfterProcessingInitializeOnLoad (5ms)
				EditorAssembliesLoaded (0ms)
			ExecutionOrderSort2 (0ms)
			AwakeInstancesAfterBackupRestoration (12ms)
Platform modules already initialized, skipping
Refreshing native plugins compatible for Editor in 1.97 ms, found 4 plugins.
Preloading 0 native plugins for Editor in 0.00 ms.
Unloading 1837 Unused Serialized files (Serialized files now loaded: 0)
Unloading 15 unused Assets / (24.7 KB). Loaded Objects now: 2377.
Memory consumption went from 81.1 MB to 81.1 MB.
Total: 4.624100 ms (FindLiveObjects: 0.184600 ms CreateObjectMapping: 0.101900 ms MarkObjects: 4.300300 ms  DeleteObjects: 0.036000 ms)

AssetImportParameters requested are different than current active one (requested -> active):
  custom:video-decoder-ogg-theora: a1e56fd34408186e4bbccfd4996cb3dc -> 
  custom:container-muxer-webm: aa71ff27fc2769a1b78a27578f13a17b -> 
  custom:container-demuxer-webm: 4f35f7cbe854078d1ac9338744f61a02 -> 
  custom:video-encoder-webm-vp8: eb34c28f22e8b96e1ab97ce403110664 -> 
  custom:video-codec-MediaFoundation-h265: 746d11721c4dcdbdad8f713fa42b33f4 -> 
  custom:audio-encoder-webm-vorbis: bf7c407c2cedff20999df2af8eb42d56 -> 
  custom:framework-win-MediaFoundation: 216162199b28c13a410421893ffa2e32 -> 
  custom:container-demuxer-ogg: 62fdf1f143b41e24485cea50d1cbac27 -> 
  custom:video-decoder-webm-vp8: 9c59270c3fd7afecdb556c50c9e8de78 -> 
  custom:audio-decoder-ogg-vorbis: bf7c407c2cedff20999df2af8eb42d56 -> 
